<?xml version="1.0" encoding="UTF-8"?>
<!-- Generated by org.testng.reporters.JUnitXMLReporter -->
<testsuite ignored="0" hostname="DESKTOP-221E89J" failures="2" tests="3" name="Test" time="10.14" errors="0" timestamp="2023-10-20T01:00:49 IST">
  <testcase classname="com.sdet.TC_Login" name="login_Test" time="10.024"/>
  <testcase classname="com.sdet.AppTest" name="testLogin1" time="0.025">
    <failure type="java.util.MissingResourceException" message="Can&amp;apos;t find bundle for base name C:\QAFox\HybridTestNGFrameWork\myproject\src\main\resources\config.properties, locale en_IN">
      <![CDATA[java.util.MissingResourceException: Can't find bundle for base name C:\QAFox\HybridTestNGFrameWork\myproject\src\main\resources\config.properties, locale en_IN
at java.base/java.util.ResourceBundle.throwMissingResourceException(ResourceBundle.java:2045)
at java.base/java.util.ResourceBundle.getBundleImpl(ResourceBundle.java:1683)
at java.base/java.util.ResourceBundle.getBundleImpl(ResourceBundle.java:1586)
at java.base/java.util.ResourceBundle.getBundleImpl(ResourceBundle.java:1549)
at java.base/java.util.ResourceBundle.getBundle(ResourceBundle.java:858)
at com.sdet.App.userLogin(App.java:9)
at com.sdet.AppTest.testLogin1(AppTest.java:11)
at java.base/java.util.ArrayList.forEach(ArrayList.java:1511)
... Removed 27 stack frames]]>
    </failure>
  </testcase> <!-- testLogin1 -->
  <testcase classname="com.sdet.AppTest" name="testLogin2" time="0.002">
    <failure type="java.util.MissingResourceException" message="Can&amp;apos;t find bundle for base name C:\QAFox\HybridTestNGFrameWork\myproject\src\main\resources\config.properties, locale en_IN">
      <![CDATA[java.util.MissingResourceException: Can't find bundle for base name C:\QAFox\HybridTestNGFrameWork\myproject\src\main\resources\config.properties, locale en_IN
at java.base/java.util.ResourceBundle.throwMissingResourceException(ResourceBundle.java:2045)
at java.base/java.util.ResourceBundle.getBundleImpl(ResourceBundle.java:1683)
at java.base/java.util.ResourceBundle.getBundleImpl(ResourceBundle.java:1586)
at java.base/java.util.ResourceBundle.getBundleImpl(ResourceBundle.java:1549)
at java.base/java.util.ResourceBundle.getBundle(ResourceBundle.java:858)
at com.sdet.App.userLogin(App.java:9)
at com.sdet.AppTest.testLogin2(AppTest.java:17)
at java.base/java.util.ArrayList.forEach(ArrayList.java:1511)
... Removed 27 stack frames]]>
    </failure>
  </testcase> <!-- testLogin2 -->
</testsuite> <!-- Test -->
