<?xml version="1.0" encoding="UTF-8"?>
<testng-results ignored="0" total="1" passed="1" failed="0" skipped="0">
  <reporter-output>
  </reporter-output>
  <suite started-at="2023-10-26T17:12:35 IST" name="Suite" finished-at="2023-10-26T17:12:46 IST" duration-ms="10420">
    <groups>
    </groups>
    <test started-at="2023-10-26T17:12:35 IST" name="Test" finished-at="2023-10-26T17:12:46 IST" duration-ms="10420">
      <class name="com.sdet.TC_Login">
        <test-method signature="login_Test()[pri:0, instance:com.sdet.TC_Login@64cd705f]" started-at="2023-10-26T17:12:36 IST" name="login_Test" finished-at="2023-10-26T17:12:46 IST" duration-ms="10349" status="PASS">
          <reporter-output>
          </reporter-output>
        </test-method> <!-- login_Test -->
      </class> <!-- com.sdet.TC_Login -->
    </test> <!-- Test -->
  </suite> <!-- Suite -->
</testng-results>
